# JRE version: OpenJDK Runtime Environment Temurin-17.0.4.1+1 (17.0.4.1+1) (build 17.0.4.1+1)
# Java VM: OpenJDK 64-Bit Server VM Temurin-17.0.4.1+1 (17.0.4.1+1, mixed mode, emulated-client, tiered, compressed oops, compressed class ptrs, g1 gc, windows-amd64)
GC Precious Log:
 CPUs: 8 total, 8 available
 Memory: 8043M
 Large Page Support: Disabled
 NUMA Support: Disabled
 Compressed Oops: Enabled (32-bit)
 Heap Region Size: 1M
 Heap Min Capacity: 8M
 Heap Initial Capacity: 126M
 Heap Max Capacity: 2012M
 Pre-touch: Disabled
 Parallel Workers: 8
 Concurrent Workers: 2
 Concurrent Refinement Workers: 8
 Periodic GC: Disabled
Heap:
 garbage-first heap   total 92160K, used 26619K [0x0000000082400000, 0x0000000100000000)
  region size 1024K, 1 young (1024K), 0 survivors (0K)
 Metaspace       used 46840K, committed 47360K, reserved 1097728K
  class space    used 6377K, committed 6592K, reserved 1048576K
GC Heap History (20 events):
Event: 24.074 GC heap before
{Heap before GC invocations=29 (full 0):
 garbage-first heap   total 581632K, used 432289K [0x0000000082400000, 0x0000000100000000)
  region size 1024K, 340 young (348160K), 38 survivors (38912K)
 Metaspace       used 35787K, committed 36160K, reserved 1081344K
  class space    used 4634K, committed 4800K, reserved 1048576K
}
Event: 24.106 GC heap after
{Heap after GC invocations=30 (full 0):
 garbage-first heap   total 581632K, used 140198K [0x0000000082400000, 0x0000000100000000)
  region size 1024K, 36 young (36864K), 36 survivors (36864K)
 Metaspace       used 35787K, committed 36160K, reserved 1081344K
  class space    used 4634K, committed 4800K, reserved 1048576K
}
Event: 25.618 GC heap before
{Heap before GC invocations=30 (full 0):
 garbage-first heap   total 581632K, used 451494K [0x0000000082400000, 0x0000000100000000)
  region size 1024K, 340 young (348160K), 36 survivors (36864K)
 Metaspace       used 36547K, committed 36864K, reserved 1081344K
  class space    used 4707K, committed 4864K, reserved 1048576K
}
Event: 25.649 GC heap after
{Heap after GC invocations=31 (full 0):
 garbage-first heap   total 581632K, used 156219K [0x0000000082400000, 0x0000000100000000)
  region size 1024K, 32 young (32768K), 32 survivors (32768K)
 Metaspace       used 36547K, committed 36864K, reserved 1081344K
  class space    used 4707K, committed 4864K, reserved 1048576K
}
Event: 26.846 GC heap before
{Heap before GC invocations=31 (full 0):
 garbage-first heap   total 581632K, used 470587K [0x0000000082400000, 0x0000000100000000)
  region size 1024K, 340 young (348160K), 32 survivors (32768K)
 Metaspace       used 39216K, committed 39552K, reserved 1089536K
  class space    used 4961K, committed 5120K, reserved 1048576K
}
Event: 26.880 GC heap after
{Heap after GC invocations=32 (full 0):
 garbage-first heap   total 581632K, used 174470K [0x0000000082400000, 0x0000000100000000)
  region size 1024K, 32 young (32768K), 32 survivors (32768K)
 Metaspace       used 39216K, committed 39552K, reserved 1089536K
  class space    used 4961K, committed 5120K, reserved 1048576K
}
Event: 27.769 GC heap before
{Heap before GC invocations=32 (full 0):
 garbage-first heap   total 581632K, used 480646K [0x0000000082400000, 0x0000000100000000)
  region size 1024K, 332 young (339968K), 32 survivors (32768K)
 Metaspace       used 39216K, committed 39552K, reserved 1089536K
  class space    used 4961K, committed 5120K, reserved 1048576K
}
Event: 27.799 GC heap after
{Heap after GC invocations=33 (full 0):
 garbage-first heap   total 581632K, used 189901K [0x0000000082400000, 0x0000000100000000)
  region size 1024K, 32 young (32768K), 32 survivors (32768K)
 Metaspace       used 39216K, committed 39552K, reserved 1089536K
  class space    used 4961K, committed 5120K, reserved 1048576K
}
Event: 28.670 GC heap before
{Heap before GC invocations=33 (full 0):
 garbage-first heap   total 581632K, used 482765K [0x0000000082400000, 0x0000000100000000)
  region size 1024K, 319 young (326656K), 32 survivors (32768K)
 Metaspace       used 39216K, committed 39552K, reserved 1089536K
  class space    used 4961K, committed 5120K, reserved 1048576K
}
Event: 28.700 GC heap after
{Heap after GC invocations=34 (full 0):
 garbage-first heap   total 581632K, used 207653K [0x0000000082400000, 0x0000000100000000)
  region size 1024K, 32 young (32768K), 32 survivors (32768K)
 Metaspace       used 39216K, committed 39552K, reserved 1089536K
  class space    used 4961K, committed 5120K, reserved 1048576K
}
Event: 29.644 GC heap before
{Heap before GC invocations=34 (full 0):
 garbage-first heap   total 581632K, used 487205K [0x0000000082400000, 0x0000000100000000)
  region size 1024K, 304 young (311296K), 32 survivors (32768K)
 Metaspace       used 39216K, committed 39552K, reserved 1089536K
  class space    used 4961K, committed 5120K, reserved 1048576K
}
Event: 29.672 GC heap after
{Heap after GC invocations=35 (full 0):
 garbage-first heap   total 581632K, used 223059K [0x0000000082400000, 0x0000000100000000)
  region size 1024K, 30 young (30720K), 30 survivors (30720K)
 Metaspace       used 39216K, committed 39552K, reserved 1089536K
  class space    used 4961K, committed 5120K, reserved 1048576K
}
Event: 32.752 GC heap before
{Heap before GC invocations=35 (full 0):
 garbage-first heap   total 581632K, used 488275K [0x0000000082400000, 0x0000000100000000)
  region size 1024K, 289 young (295936K), 30 survivors (30720K)
 Metaspace       used 46618K, committed 46976K, reserved 1089536K
  class space    used 6347K, committed 6528K, reserved 1048576K
}
Event: 32.821 GC heap after
{Heap after GC invocations=36 (full 0):
 garbage-first heap   total 581632K, used 256932K [0x0000000082400000, 0x0000000100000000)
  region size 1024K, 37 young (37888K), 37 survivors (37888K)
 Metaspace       used 46618K, committed 46976K, reserved 1089536K
  class space    used 6347K, committed 6528K, reserved 1048576K
}
Event: 67.331 GC heap before
{Heap before GC invocations=36 (full 0):
 garbage-first heap   total 581632K, used 378788K [0x0000000082400000, 0x0000000100000000)
  region size 1024K, 157 young (160768K), 37 survivors (37888K)
 Metaspace       used 46970K, committed 47360K, reserved 1097728K
  class space    used 6407K, committed 6592K, reserved 1048576K
}
Event: 67.373 GC heap after
{Heap after GC invocations=37 (full 1):
 garbage-first heap   total 112640K, used 30448K [0x0000000082400000, 0x0000000100000000)
  region size 1024K, 0 young (0K), 0 survivors (0K)
 Metaspace       used 46970K, committed 47360K, reserved 1097728K
  class space    used 6407K, committed 6592K, reserved 1048576K
}
Event: 107.813 GC heap before
{Heap before GC invocations=37 (full 1):
 garbage-first heap   total 112640K, used 30448K [0x0000000082400000, 0x0000000100000000)
  region size 1024K, 1 young (1024K), 0 survivors (0K)
 Metaspace       used 46970K, committed 47360K, reserved 1097728K
  class space    used 6407K, committed 6592K, reserved 1048576K
}
Event: 107.866 GC heap after
{Heap after GC invocations=38 (full 2):
 garbage-first heap   total 106496K, used 30456K [0x0000000082400000, 0x0000000100000000)
  region size 1024K, 0 young (0K), 0 survivors (0K)
 Metaspace       used 46970K, committed 47360K, reserved 1097728K
  class space    used 6407K, committed 6592K, reserved 1048576K
}
Event: 118.297 GC heap before
{Heap before GC invocations=38 (full 2):
 garbage-first heap   total 106496K, used 30456K [0x0000000082400000, 0x0000000100000000)
  region size 1024K, 1 young (1024K), 0 survivors (0K)
 Metaspace       used 46970K, committed 47360K, reserved 1097728K
  class space    used 6407K, committed 6592K, reserved 1048576K
}
Event: 118.383 GC heap after
{Heap after GC invocations=39 (full 3):
 garbage-first heap   total 92160K, used 26619K [0x0000000082400000, 0x0000000100000000)
  region size 1024K, 0 young (0K), 0 survivors (0K)
 Metaspace       used 46840K, committed 47360K, reserved 1097728K
  class space    used 6377K, committed 6592K, reserved 1048576K
}

